<?xml version="1.0" encoding="UTF-8"?>
<testsuite name="online4m.apigateway.si.test.HipChatApiTest" tests="3" skipped="0" failures="0" errors="0" timestamp="2014-09-23T19:51:08" hostname="MacBook-Pro-Robert.local" time="13.215">
  <properties/>
  <testcase name="Send new notification to HipChat/online4m.com room" classname="online4m.apigateway.si.test.HipChatApiTest" time="10.449"/>
  <testcase name="Get latest HipChat/online4m.com history" classname="online4m.apigateway.si.test.HipChatApiTest" time="1.034"/>
  <testcase name="Skip complex parameters" classname="online4m.apigateway.si.test.HipChatApiTest" time="1.732"/>
  <system-out><![CDATA[21:51:10.937 [ratpack-compute-1-2] DEBUG Ratpack - HEADER Content-Type, VALUES: [application/json]
21:51:10.939 [ratpack-compute-1-2] DEBUG Ratpack - HEADER Cookie, VALUES: []
21:51:10.939 [ratpack-compute-1-2] DEBUG Ratpack - HEADER Host, VALUES: [localhost:56409]
21:51:10.939 [ratpack-compute-1-2] DEBUG Ratpack - HEADER Connection, VALUES: [close]
21:51:10.939 [ratpack-compute-1-2] DEBUG Ratpack - HEADER Content-Length, VALUES: [215]
21:51:11.032 [ratpack-blocking-3-1] DEBUG online4m.apigateway.si.CallerService - INPUT DATA TYPE: class groovy.json.internal.LazyMap
21:51:11.034 [ratpack-blocking-3-1] DEBUG online4m.apigateway.si.CallerService - INPUT DATA: [data:[message:Test message to online4m.com], format:JSON, method:POST, mode:SYNC, url:https://api.hipchat.com/v2/room/online4m.com/notification?auth_token=v54gzlKPiiEEKw6wgbR3waiQklj2lIoCOjVKOeDl]
21:51:11.124 [ratpack-blocking-3-1] DEBUG online4m.apigateway.si.CallerService - REQUEST: online4m.apigateway.si.Request(POST, SYNC, JSON, https://api.hipchat.com/v2/room/online4m.com/notification?auth_token=v54gzlKPiiEEKw6wgbR3waiQklj2lIoCOjVKOeDl, [message:Test message to online4m.com])
21:51:18.572 [ratpack-blocking-3-1] DEBUG online4m.apigateway.si.CallerService - RESULT DATA: online4m.apigateway.si.Response(true, 0, , null)
21:51:18.898 [ratpack-compute-7-2] DEBUG Ratpack - HEADER Content-Type, VALUES: [application/json]
21:51:18.899 [ratpack-compute-7-2] DEBUG Ratpack - HEADER Cookie, VALUES: []
21:51:18.899 [ratpack-compute-7-2] DEBUG Ratpack - HEADER Host, VALUES: [localhost:56413]
21:51:18.900 [ratpack-compute-7-2] DEBUG Ratpack - HEADER Connection, VALUES: [close]
21:51:18.900 [ratpack-compute-7-2] DEBUG Ratpack - HEADER Content-Length, VALUES: [192]
21:51:18.905 [ratpack-blocking-8-1] DEBUG online4m.apigateway.si.CallerService - INPUT DATA TYPE: class groovy.json.internal.LazyMap
21:51:18.906 [ratpack-blocking-8-1] DEBUG online4m.apigateway.si.CallerService - INPUT DATA: [data:[max-results:10], format:JSON, method:GET, mode:SYNC, url:https://api.hipchat.com/v2/room/online4m.com/history/latest?auth_token=v54gzlKPiiEEKw6wgbR3waiQklj2lIoCOjVKOeDl]
21:51:18.908 [ratpack-blocking-8-1] DEBUG online4m.apigateway.si.CallerService - REQUEST: online4m.apigateway.si.Request(GET, SYNC, JSON, https://api.hipchat.com/v2/room/online4m.com/history/latest?auth_token=v54gzlKPiiEEKw6wgbR3waiQklj2lIoCOjVKOeDl, [max-results:10])
21:51:18.947 [ratpack-blocking-8-1] DEBUG online4m.apigateway.si.CallerService - URI QUERY: [max-results:10, auth_token:v54gzlKPiiEEKw6wgbR3waiQklj2lIoCOjVKOeDl]
21:51:19.625 [ratpack-blocking-8-1] DEBUG online4m.apigateway.si.CallerService - SUCCESS: STATUSCODE=200, json=[items:[[color:yellow, date:2014-09-22T17:23:32.632234+00:00, from:Robert Zakrzewski, id:d5bef446-5185-491b-857b-bd4def50c34a, mentions:[], message:Test message to online4m.com, message_format:html], [color:yellow, date:2014-09-22T18:45:59.748199+00:00, from:Robert Zakrzewski, id:2863579c-9017-49e5-99c1-3fb6bbfbb721, mentions:[], message:Test message to online4m.com, message_format:html], [color:yellow, date:2014-09-22T18:52:12.577200+00:00, from:Robert Zakrzewski, id:d0cdfbe9-86ac-4273-91ac-dc3fb39496ed, mentions:[], message:Test message to online4m.com, message_format:html], [color:yellow, date:2014-09-23T19:09:40.236934+00:00, from:Robert Zakrzewski, id:af282e29-502f-47f3-8cc5-f2b67dd202a2, mentions:[], message:Test message to online4m.com, message_format:html], [color:yellow, date:2014-09-23T19:11:12.625446+00:00, from:Robert Zakrzewski, id:12ea8b75-5eb5-4a2d-abc7-43377b7aff32, mentions:[], message:Test message to online4m.com, message_format:html], [color:yellow, date:2014-09-23T19:21:37.955725+00:00, from:Robert Zakrzewski, id:43797b41-541a-467b-a551-fb2f2f97ef67, mentions:[], message:Test message to online4m.com, message_format:html], [color:yellow, date:2014-09-23T19:27:30.447267+00:00, from:Robert Zakrzewski, id:1a561c22-f812-4985-be70-bbc3f23a6852, mentions:[], message:Test message to online4m.com, message_format:html], [color:yellow, date:2014-09-23T19:30:56.619977+00:00, from:Robert Zakrzewski, id:5c722fba-f9c7-4f9f-962a-82347b50e162, mentions:[], message:Test message to online4m.com, message_format:html], [color:yellow, date:2014-09-23T19:32:50.463107+00:00, from:Robert Zakrzewski, id:cebb8f6f-a691-4d49-8c28-e47b909d4ba8, mentions:[], message:Test message to online4m.com, message_format:html], [color:yellow, date:2014-09-23T19:51:18.419363+00:00, from:Robert Zakrzewski, id:2e9d22db-4027-4288-a91c-f65528a2179a, mentions:[], message:Test message to online4m.com, message_format:html]], links:[self:https://api.hipchat.com/v2/room/online4m.com/history/latest], maxResults:10, startIndex:0]
21:51:19.632 [ratpack-blocking-8-1] DEBUG online4m.apigateway.si.CallerService - RESP JSON class: class net.sf.json.JSONObject
21:51:19.635 [ratpack-blocking-8-1] DEBUG online4m.apigateway.si.CallerService - RESPONSE: online4m.apigateway.si.Response(true, 0, , [items:[[color:yellow, date:2014-09-22T17:23:32.632234+00:00, from:Robert Zakrzewski, id:d5bef446-5185-491b-857b-bd4def50c34a, mentions:[], message:Test message to online4m.com, message_format:html], [color:yellow, date:2014-09-22T18:45:59.748199+00:00, from:Robert Zakrzewski, id:2863579c-9017-49e5-99c1-3fb6bbfbb721, mentions:[], message:Test message to online4m.com, message_format:html], [color:yellow, date:2014-09-22T18:52:12.577200+00:00, from:Robert Zakrzewski, id:d0cdfbe9-86ac-4273-91ac-dc3fb39496ed, mentions:[], message:Test message to online4m.com, message_format:html], [color:yellow, date:2014-09-23T19:09:40.236934+00:00, from:Robert Zakrzewski, id:af282e29-502f-47f3-8cc5-f2b67dd202a2, mentions:[], message:Test message to online4m.com, message_format:html], [color:yellow, date:2014-09-23T19:11:12.625446+00:00, from:Robert Zakrzewski, id:12ea8b75-5eb5-4a2d-abc7-43377b7aff32, mentions:[], message:Test message to online4m.com, message_format:html], [color:yellow, date:2014-09-23T19:21:37.955725+00:00, from:Robert Zakrzewski, id:43797b41-541a-467b-a551-fb2f2f97ef67, mentions:[], message:Test message to online4m.com, message_format:html], [color:yellow, date:2014-09-23T19:27:30.447267+00:00, from:Robert Zakrzewski, id:1a561c22-f812-4985-be70-bbc3f23a6852, mentions:[], message:Test message to online4m.com, message_format:html], [color:yellow, date:2014-09-23T19:30:56.619977+00:00, from:Robert Zakrzewski, id:5c722fba-f9c7-4f9f-962a-82347b50e162, mentions:[], message:Test message to online4m.com, message_format:html], [color:yellow, date:2014-09-23T19:32:50.463107+00:00, from:Robert Zakrzewski, id:cebb8f6f-a691-4d49-8c28-e47b909d4ba8, mentions:[], message:Test message to online4m.com, message_format:html], [color:yellow, date:2014-09-23T19:51:18.419363+00:00, from:Robert Zakrzewski, id:2e9d22db-4027-4288-a91c-f65528a2179a, mentions:[], message:Test message to online4m.com, message_format:html]], links:[self:https://api.hipchat.com/v2/room/online4m.com/history/latest], maxResults:10, startIndex:0])
21:51:19.636 [ratpack-blocking-8-1] DEBUG online4m.apigateway.si.CallerService - RESULT DATA: online4m.apigateway.si.Response(true, 0, , [items:[[color:yellow, date:2014-09-22T17:23:32.632234+00:00, from:Robert Zakrzewski, id:d5bef446-5185-491b-857b-bd4def50c34a, mentions:[], message:Test message to online4m.com, message_format:html], [color:yellow, date:2014-09-22T18:45:59.748199+00:00, from:Robert Zakrzewski, id:2863579c-9017-49e5-99c1-3fb6bbfbb721, mentions:[], message:Test message to online4m.com, message_format:html], [color:yellow, date:2014-09-22T18:52:12.577200+00:00, from:Robert Zakrzewski, id:d0cdfbe9-86ac-4273-91ac-dc3fb39496ed, mentions:[], message:Test message to online4m.com, message_format:html], [color:yellow, date:2014-09-23T19:09:40.236934+00:00, from:Robert Zakrzewski, id:af282e29-502f-47f3-8cc5-f2b67dd202a2, mentions:[], message:Test message to online4m.com, message_format:html], [color:yellow, date:2014-09-23T19:11:12.625446+00:00, from:Robert Zakrzewski, id:12ea8b75-5eb5-4a2d-abc7-43377b7aff32, mentions:[], message:Test message to online4m.com, message_format:html], [color:yellow, date:2014-09-23T19:21:37.955725+00:00, from:Robert Zakrzewski, id:43797b41-541a-467b-a551-fb2f2f97ef67, mentions:[], message:Test message to online4m.com, message_format:html], [color:yellow, date:2014-09-23T19:27:30.447267+00:00, from:Robert Zakrzewski, id:1a561c22-f812-4985-be70-bbc3f23a6852, mentions:[], message:Test message to online4m.com, message_format:html], [color:yellow, date:2014-09-23T19:30:56.619977+00:00, from:Robert Zakrzewski, id:5c722fba-f9c7-4f9f-962a-82347b50e162, mentions:[], message:Test message to online4m.com, message_format:html], [color:yellow, date:2014-09-23T19:32:50.463107+00:00, from:Robert Zakrzewski, id:cebb8f6f-a691-4d49-8c28-e47b909d4ba8, mentions:[], message:Test message to online4m.com, message_format:html], [color:yellow, date:2014-09-23T19:51:18.419363+00:00, from:Robert Zakrzewski, id:2e9d22db-4027-4288-a91c-f65528a2179a, mentions:[], message:Test message to online4m.com, message_format:html]], links:[self:https://api.hipchat.com/v2/room/online4m.com/history/latest], maxResults:10, startIndex:0])
21:51:19.873 [ratpack-compute-11-2] DEBUG Ratpack - HEADER Content-Type, VALUES: [application/json]
21:51:19.873 [ratpack-compute-11-2] DEBUG Ratpack - HEADER Cookie, VALUES: []
21:51:19.874 [ratpack-compute-11-2] DEBUG Ratpack - HEADER Host, VALUES: [localhost:56416]
21:51:19.874 [ratpack-compute-11-2] DEBUG Ratpack - HEADER Connection, VALUES: [close]
21:51:19.874 [ratpack-compute-11-2] DEBUG Ratpack - HEADER Content-Length, VALUES: [226]
21:51:19.887 [ratpack-blocking-12-1] DEBUG online4m.apigateway.si.CallerService - INPUT DATA TYPE: class groovy.json.internal.LazyMap
21:51:19.887 [ratpack-blocking-12-1] DEBUG online4m.apigateway.si.CallerService - INPUT DATA: [data:[complex-attr:[simple-attr:20], max-results:10], format:JSON, method:GET, mode:SYNC, url:https://api.hipchat.com/v2/room/online4m.com/history/latest?auth_token=v54gzlKPiiEEKw6wgbR3waiQklj2lIoCOjVKOeDl]
21:51:19.888 [ratpack-blocking-12-1] DEBUG online4m.apigateway.si.CallerService - REQUEST: online4m.apigateway.si.Request(GET, SYNC, JSON, https://api.hipchat.com/v2/room/online4m.com/history/latest?auth_token=v54gzlKPiiEEKw6wgbR3waiQklj2lIoCOjVKOeDl, [complex-attr:[simple-attr:20], max-results:10])
21:51:19.890 [ratpack-blocking-12-1] WARN  online4m.apigateway.si.CallerService - SKIPPING: key=complex-attr, value=[simple-attr:20]
21:51:19.890 [ratpack-blocking-12-1] DEBUG online4m.apigateway.si.CallerService - URI QUERY: [max-results:10, auth_token:v54gzlKPiiEEKw6wgbR3waiQklj2lIoCOjVKOeDl]
21:51:21.384 [ratpack-blocking-12-1] DEBUG online4m.apigateway.si.CallerService - SUCCESS: STATUSCODE=200, json=[items:[[color:yellow, date:2014-09-22T17:23:32.632234+00:00, from:Robert Zakrzewski, id:d5bef446-5185-491b-857b-bd4def50c34a, mentions:[], message:Test message to online4m.com, message_format:html], [color:yellow, date:2014-09-22T18:45:59.748199+00:00, from:Robert Zakrzewski, id:2863579c-9017-49e5-99c1-3fb6bbfbb721, mentions:[], message:Test message to online4m.com, message_format:html], [color:yellow, date:2014-09-22T18:52:12.577200+00:00, from:Robert Zakrzewski, id:d0cdfbe9-86ac-4273-91ac-dc3fb39496ed, mentions:[], message:Test message to online4m.com, message_format:html], [color:yellow, date:2014-09-23T19:09:40.236934+00:00, from:Robert Zakrzewski, id:af282e29-502f-47f3-8cc5-f2b67dd202a2, mentions:[], message:Test message to online4m.com, message_format:html], [color:yellow, date:2014-09-23T19:11:12.625446+00:00, from:Robert Zakrzewski, id:12ea8b75-5eb5-4a2d-abc7-43377b7aff32, mentions:[], message:Test message to online4m.com, message_format:html], [color:yellow, date:2014-09-23T19:21:37.955725+00:00, from:Robert Zakrzewski, id:43797b41-541a-467b-a551-fb2f2f97ef67, mentions:[], message:Test message to online4m.com, message_format:html], [color:yellow, date:2014-09-23T19:27:30.447267+00:00, from:Robert Zakrzewski, id:1a561c22-f812-4985-be70-bbc3f23a6852, mentions:[], message:Test message to online4m.com, message_format:html], [color:yellow, date:2014-09-23T19:30:56.619977+00:00, from:Robert Zakrzewski, id:5c722fba-f9c7-4f9f-962a-82347b50e162, mentions:[], message:Test message to online4m.com, message_format:html], [color:yellow, date:2014-09-23T19:32:50.463107+00:00, from:Robert Zakrzewski, id:cebb8f6f-a691-4d49-8c28-e47b909d4ba8, mentions:[], message:Test message to online4m.com, message_format:html], [color:yellow, date:2014-09-23T19:51:18.419363+00:00, from:Robert Zakrzewski, id:2e9d22db-4027-4288-a91c-f65528a2179a, mentions:[], message:Test message to online4m.com, message_format:html]], links:[self:https://api.hipchat.com/v2/room/online4m.com/history/latest], maxResults:10, startIndex:0]
21:51:21.384 [ratpack-blocking-12-1] DEBUG online4m.apigateway.si.CallerService - RESP JSON class: class net.sf.json.JSONObject
21:51:21.386 [ratpack-blocking-12-1] DEBUG online4m.apigateway.si.CallerService - RESPONSE: online4m.apigateway.si.Response(true, 0, , [items:[[color:yellow, date:2014-09-22T17:23:32.632234+00:00, from:Robert Zakrzewski, id:d5bef446-5185-491b-857b-bd4def50c34a, mentions:[], message:Test message to online4m.com, message_format:html], [color:yellow, date:2014-09-22T18:45:59.748199+00:00, from:Robert Zakrzewski, id:2863579c-9017-49e5-99c1-3fb6bbfbb721, mentions:[], message:Test message to online4m.com, message_format:html], [color:yellow, date:2014-09-22T18:52:12.577200+00:00, from:Robert Zakrzewski, id:d0cdfbe9-86ac-4273-91ac-dc3fb39496ed, mentions:[], message:Test message to online4m.com, message_format:html], [color:yellow, date:2014-09-23T19:09:40.236934+00:00, from:Robert Zakrzewski, id:af282e29-502f-47f3-8cc5-f2b67dd202a2, mentions:[], message:Test message to online4m.com, message_format:html], [color:yellow, date:2014-09-23T19:11:12.625446+00:00, from:Robert Zakrzewski, id:12ea8b75-5eb5-4a2d-abc7-43377b7aff32, mentions:[], message:Test message to online4m.com, message_format:html], [color:yellow, date:2014-09-23T19:21:37.955725+00:00, from:Robert Zakrzewski, id:43797b41-541a-467b-a551-fb2f2f97ef67, mentions:[], message:Test message to online4m.com, message_format:html], [color:yellow, date:2014-09-23T19:27:30.447267+00:00, from:Robert Zakrzewski, id:1a561c22-f812-4985-be70-bbc3f23a6852, mentions:[], message:Test message to online4m.com, message_format:html], [color:yellow, date:2014-09-23T19:30:56.619977+00:00, from:Robert Zakrzewski, id:5c722fba-f9c7-4f9f-962a-82347b50e162, mentions:[], message:Test message to online4m.com, message_format:html], [color:yellow, date:2014-09-23T19:32:50.463107+00:00, from:Robert Zakrzewski, id:cebb8f6f-a691-4d49-8c28-e47b909d4ba8, mentions:[], message:Test message to online4m.com, message_format:html], [color:yellow, date:2014-09-23T19:51:18.419363+00:00, from:Robert Zakrzewski, id:2e9d22db-4027-4288-a91c-f65528a2179a, mentions:[], message:Test message to online4m.com, message_format:html]], links:[self:https://api.hipchat.com/v2/room/online4m.com/history/latest], maxResults:10, startIndex:0])
21:51:21.386 [ratpack-blocking-12-1] DEBUG online4m.apigateway.si.CallerService - RESULT DATA: online4m.apigateway.si.Response(true, 0, , [items:[[color:yellow, date:2014-09-22T17:23:32.632234+00:00, from:Robert Zakrzewski, id:d5bef446-5185-491b-857b-bd4def50c34a, mentions:[], message:Test message to online4m.com, message_format:html], [color:yellow, date:2014-09-22T18:45:59.748199+00:00, from:Robert Zakrzewski, id:2863579c-9017-49e5-99c1-3fb6bbfbb721, mentions:[], message:Test message to online4m.com, message_format:html], [color:yellow, date:2014-09-22T18:52:12.577200+00:00, from:Robert Zakrzewski, id:d0cdfbe9-86ac-4273-91ac-dc3fb39496ed, mentions:[], message:Test message to online4m.com, message_format:html], [color:yellow, date:2014-09-23T19:09:40.236934+00:00, from:Robert Zakrzewski, id:af282e29-502f-47f3-8cc5-f2b67dd202a2, mentions:[], message:Test message to online4m.com, message_format:html], [color:yellow, date:2014-09-23T19:11:12.625446+00:00, from:Robert Zakrzewski, id:12ea8b75-5eb5-4a2d-abc7-43377b7aff32, mentions:[], message:Test message to online4m.com, message_format:html], [color:yellow, date:2014-09-23T19:21:37.955725+00:00, from:Robert Zakrzewski, id:43797b41-541a-467b-a551-fb2f2f97ef67, mentions:[], message:Test message to online4m.com, message_format:html], [color:yellow, date:2014-09-23T19:27:30.447267+00:00, from:Robert Zakrzewski, id:1a561c22-f812-4985-be70-bbc3f23a6852, mentions:[], message:Test message to online4m.com, message_format:html], [color:yellow, date:2014-09-23T19:30:56.619977+00:00, from:Robert Zakrzewski, id:5c722fba-f9c7-4f9f-962a-82347b50e162, mentions:[], message:Test message to online4m.com, message_format:html], [color:yellow, date:2014-09-23T19:32:50.463107+00:00, from:Robert Zakrzewski, id:cebb8f6f-a691-4d49-8c28-e47b909d4ba8, mentions:[], message:Test message to online4m.com, message_format:html], [color:yellow, date:2014-09-23T19:51:18.419363+00:00, from:Robert Zakrzewski, id:2e9d22db-4027-4288-a91c-f65528a2179a, mentions:[], message:Test message to online4m.com, message_format:html]], links:[self:https://api.hipchat.com/v2/room/online4m.com/history/latest], maxResults:10, startIndex:0])
]]></system-out>
  <system-err><![CDATA[]]></system-err>
</testsuite>
