<?xml version="1.0" encoding="UTF-8"?>
<testsuite name="online4m.apigateway.si.test.WeatherApiTest" tests="1" skipped="0" failures="0" errors="0" timestamp="2014-09-23T20:35:25" hostname="MacBook-Pro-Robert.local" time="0.675">
  <properties/>
  <testcase name="success with GET, SYNC, JSON" classname="online4m.apigateway.si.test.WeatherApiTest" time="0.675"/>
  <system-out><![CDATA[22:35:26.164 [ratpack-compute-19-2] DEBUG Ratpack - HEADER Content-Type, VALUES: [application/json]
22:35:26.165 [ratpack-compute-19-2] DEBUG Ratpack - HEADER Cookie, VALUES: []
22:35:26.165 [ratpack-compute-19-2] DEBUG Ratpack - HEADER Host, VALUES: [localhost:57693]
22:35:26.165 [ratpack-compute-19-2] DEBUG Ratpack - HEADER Connection, VALUES: [close]
22:35:26.165 [ratpack-compute-19-2] DEBUG Ratpack - HEADER Content-Length, VALUES: [123]
22:35:26.168 [ratpack-blocking-20-1] DEBUG online4m.apigateway.si.CallerService - INPUT DATA TYPE: class groovy.json.internal.LazyMap
22:35:26.169 [ratpack-blocking-20-1] DEBUG online4m.apigateway.si.CallerService - INPUT DATA: [data:[q:Warsaw], format:JSON, method:GET, mode:SYNC, url:http://api.openweathermap.org/data/2.5/weather]
22:35:26.170 [ratpack-blocking-20-1] DEBUG online4m.apigateway.si.CallerService - REQUEST: online4m.apigateway.si.Request(GET, SYNC, JSON, http://api.openweathermap.org/data/2.5/weather, [q:Warsaw])
22:35:26.171 [ratpack-blocking-20-1] DEBUG online4m.apigateway.si.CallerService - URI QUERY: [q:Warsaw]
22:35:26.587 [ratpack-blocking-20-1] DEBUG online4m.apigateway.si.CallerService - SUCCESS: STATUSCODE=200, json=[coord:[lon:21.01, lat:52.23], sys:[type:1, id:5374, message:0.0653, country:PL, sunrise:1411446259, sunset:1411489922], weather:[[id:800, main:Clear, description:Sky is Clear, icon:01n]], base:cmc stations, main:[temp:280.18, pressure:1015, humidity:75, temp_min:278.15, temp_max:281.48], wind:[speed:4.1, deg:300], clouds:[all:0], dt:1411504057, id:756135, name:Warsaw, cod:200]
22:35:26.587 [ratpack-blocking-20-1] DEBUG online4m.apigateway.si.CallerService - RESP JSON class: class net.sf.json.JSONObject
22:35:26.589 [ratpack-blocking-20-1] DEBUG online4m.apigateway.si.CallerService - RESPONSE: online4m.apigateway.si.Response(true, 0, , [coord:[lon:21.01, lat:52.23], sys:[type:1, id:5374, message:0.0653, country:PL, sunrise:1411446259, sunset:1411489922], weather:[[id:800, main:Clear, description:Sky is Clear, icon:01n]], base:cmc stations, main:[temp:280.18, pressure:1015, humidity:75, temp_min:278.15, temp_max:281.48], wind:[speed:4.1, deg:300], clouds:[all:0], dt:1411504057, id:756135, name:Warsaw, cod:200])
22:35:26.590 [ratpack-blocking-20-1] DEBUG online4m.apigateway.si.CallerService - RESULT DATA: online4m.apigateway.si.Response(true, 0, , [coord:[lon:21.01, lat:52.23], sys:[type:1, id:5374, message:0.0653, country:PL, sunrise:1411446259, sunset:1411489922], weather:[[id:800, main:Clear, description:Sky is Clear, icon:01n]], base:cmc stations, main:[temp:280.18, pressure:1015, humidity:75, temp_min:278.15, temp_max:281.48], wind:[speed:4.1, deg:300], clouds:[all:0], dt:1411504057, id:756135, name:Warsaw, cod:200])
]]></system-out>
  <system-err><![CDATA[]]></system-err>
</testsuite>
